"C:\Program Files\AdoptOpenJDK\jdk-11.0.11.9-hotspot\bin\java.exe" "-Dmaven.multiModuleProjectDirectory=C:\Users\ehafe\OneDrive\Desktop\EPITA\Project Thomas\moviebase\severjava\moviedb" "-Dmaven.home=C:\Program Files\JetBrains\IntelliJ IDEA 2021.1.2\plugins\maven\lib\maven3" "-Dclassworlds.conf=C:\Program Files\JetBrains\IntelliJ IDEA 2021.1.2\plugins\maven\lib\maven3\bin\m2.conf" "-Dmaven.ext.class.path=C:\Program Files\JetBrains\IntelliJ IDEA 2021.1.2\plugins\maven\lib\maven-event-listener.jar" "-javaagent:C:\Program Files\JetBrains\IntelliJ IDEA 2021.1.2\lib\idea_rt.jar=52043:C:\Program Files\JetBrains\IntelliJ IDEA 2021.1.2\bin" -Dfile.encoding=UTF-8 -classpath "C:\Program Files\JetBrains\IntelliJ IDEA 2021.1.2\plugins\maven\lib\maven3\boot\plexus-classworlds-2.6.0.jar;C:\Program Files\JetBrains\IntelliJ IDEA 2021.1.2\plugins\maven\lib\maven3\boot\plexus-classworlds.license" org.codehaus.classworlds.Launcher -Didea.version=2021.1.2 compile
[INFO] Scanning for projects...
[INFO]
[INFO] --------------------------< co.hafid:moviedb >--------------------------
[INFO] Building moviedb 0.0.1-SNAPSHOT
[INFO] --------------------------------[ jar ]---------------------------------
[INFO]
[INFO] --- maven-resources-plugin:3.2.0:resources (default-resources) @ moviedb ---
[INFO] Using 'UTF-8' encoding to copy filtered resources.
[INFO] Using 'UTF-8' encoding to copy filtered properties files.
[INFO] Copying 2 resources
[INFO] Copying 1 resource
[INFO]
[INFO] --- maven-compiler-plugin:3.8.1:compile (default-compile) @ moviedb ---
[INFO] Changes detected - recompiling the module!
[INFO] Compiling 29 source files to C:\Users\ehafe\OneDrive\Desktop\EPITA\Project Thomas\moviebase\severjava\moviedb\target\classes
[INFO] ------------------------------------------------------------------------
[INFO] BUILD SUCCESS
[INFO] ------------------------------------------------------------------------
[INFO] Total time:  3.180 s
[INFO] Finished at: 2022-02-18T05:24:27+01:00
[INFO] ------------------------------------------------------------------------

Process finished with exit code 0
